<?xml version="1.0" encoding="UTF-8"?>
<testsuite name="labTest.SumVerifyTest" tests="1" skipped="0" failures="0" errors="0" timestamp="2021-09-16T07:35:37" hostname="DESKTOP-I0JKDSF" time="41.676">
  <properties/>
  <testcase name="givenFilter_whenTheMostExpensiveProductAddedToCart_thenTotalPriceLessThanBound[0](model.RozetkaFilter@66146d9d)" classname="labTest.SumVerifyTest" time="41.676"/>
  <system-out><![CDATA[[10:36:19 INFO] givenFilter_whenTheMostExpensiveProductAddedToCart_thenTotalPriceLessThanBound Passed
]]></system-out>
  <system-err><![CDATA[Starting ChromeDriver 92.0.4515.43 (8c61b7e2989f2990d42f859cac71319137787cce-refs/branch-heads/4515@{#306}) on port 48534
Only local connections are allowed.
Please see https://chromedriver.chromium.org/security-considerations for suggestions on keeping ChromeDriver safe.
ChromeDriver was started successfully.
[1631777735.801][WARNING]: This version of ChromeDriver has not been tested with Chrome version 93.
сент. 16, 2021 10:35:35 AM org.openqa.selenium.remote.ProtocolHandshake createSession
INFO: Detected dialect: W3C
]]></system-err>
</testsuite>
